Determining if the pthread_create exist failed with the following output:
Change Dir: /home/kpach/catkin_ws/src/comp0127_lab/lab02_stack/example02/cmake-build-debug/CMakeFiles/CMakeTmp

Run Build Command:"/usr/bin/make" "cmTC_e2314/fast"
/usr/bin/make -f CMakeFiles/cmTC_e2314.dir/build.make CMakeFiles/cmTC_e2314.dir/build
make[1]: Entering directory '/home/kpach/catkin_ws/src/comp0127_lab/lab02_stack/example02/cmake-build-debug/CMakeFiles/CMakeTmp'
Building C object CMakeFiles/cmTC_e2314.dir/CheckSymbolExists.c.o
/usr/bin/cc    -o CMakeFiles/cmTC_e2314.dir/CheckSymbolExists.c.o   -c /home/kpach/catkin_ws/src/comp0127_lab/lab02_stack/example02/cmake-build-debug/CMakeFiles/CMakeTmp/CheckSymbolExists.c
Linking C executable cmTC_e2314
/opt/clion-2017.2.3/bin/cmake/bin/cmake -E cmake_link_script CMakeFiles/cmTC_e2314.dir/link.txt --verbose=1
/usr/bin/cc      -rdynamic CMakeFiles/cmTC_e2314.dir/CheckSymbolExists.c.o  -o cmTC_e2314 
CMakeFiles/cmTC_e2314.dir/CheckSymbolExists.c.o: In function `main':
CheckSymbolExists.c:(.text+0x16): undefined reference to `pthread_create'
collect2: error: ld returned 1 exit status
CMakeFiles/cmTC_e2314.dir/build.make:97: recipe for target 'cmTC_e2314' failed
make[1]: *** [cmTC_e2314] Error 1
make[1]: Leaving directory '/home/kpach/catkin_ws/src/comp0127_lab/lab02_stack/example02/cmake-build-debug/CMakeFiles/CMakeTmp'
Makefile:126: recipe for target 'cmTC_e2314/fast' failed
make: *** [cmTC_e2314/fast] Error 2

File /home/kpach/catkin_ws/src/comp0127_lab/lab02_stack/example02/cmake-build-debug/CMakeFiles/CMakeTmp/CheckSymbolExists.c:
/* */
#include <pthread.h>

int main(int argc, char** argv)
{
  (void)argv;
#ifndef pthread_create
  return ((int*)(&pthread_create))[argc];
#else
  (void)argc;
  return 0;
#endif
}

Determining if the function pthread_create exists in the pthreads failed with the following output:
Change Dir: /home/kpach/catkin_ws/src/comp0127_lab/lab02_stack/example02/cmake-build-debug/CMakeFiles/CMakeTmp

Run Build Command:"/usr/bin/make" "cmTC_965d4/fast"
/usr/bin/make -f CMakeFiles/cmTC_965d4.dir/build.make CMakeFiles/cmTC_965d4.dir/build
make[1]: Entering directory '/home/kpach/catkin_ws/src/comp0127_lab/lab02_stack/example02/cmake-build-debug/CMakeFiles/CMakeTmp'
Building C object CMakeFiles/cmTC_965d4.dir/CheckFunctionExists.c.o
/usr/bin/cc   -DCHECK_FUNCTION_EXISTS=pthread_create   -o CMakeFiles/cmTC_965d4.dir/CheckFunctionExists.c.o   -c /opt/clion-2017.2.3/bin/cmake/share/cmake-3.8/Modules/CheckFunctionExists.c
Linking C executable cmTC_965d4
/opt/clion-2017.2.3/bin/cmake/bin/cmake -E cmake_link_script CMakeFiles/cmTC_965d4.dir/link.txt --verbose=1
/usr/bin/cc  -DCHECK_FUNCTION_EXISTS=pthread_create    -rdynamic CMakeFiles/cmTC_965d4.dir/CheckFunctionExists.c.o  -o cmTC_965d4 -lpthreads 
/usr/bin/ld: cannot find -lpthreads
collect2: error: ld returned 1 exit status
CMakeFiles/cmTC_965d4.dir/build.make:97: recipe for target 'cmTC_965d4' failed
make[1]: *** [cmTC_965d4] Error 1
make[1]: Leaving directory '/home/kpach/catkin_ws/src/comp0127_lab/lab02_stack/example02/cmake-build-debug/CMakeFiles/CMakeTmp'
Makefile:126: recipe for target 'cmTC_965d4/fast' failed
make: *** [cmTC_965d4/fast] Error 2


